<?xml version="1.0" encoding="UTF-8"?>
<!-- Generated by org.testng.reporters.JUnitReportReporter -->
<testsuite hostname="LPT966-B1" failures="0" tests="3" name="TestPages.TestPageCustomer" time="62.429" errors="0" timestamp="2023-02-17T14:46:55 IST" skipped="0">
  <testcase classname="TestPages.TestPageCustomer" name="AssignTariffPlan" time="21.091"/>
  <system-out/>
  <testcase classname="TestPages.TestPageCustomer" name="ValidCustomer" time="20.971"/>
  <system-out/>
  <testcase classname="TestPages.TestPageCustomer" name="InvalidCustomer" time="20.367"/>
  <system-out/>
</testsuite> <!-- TestPages.TestPageCustomer -->
