<?xml version="1.0" encoding="UTF-8"?>
<!-- Generated by org.testng.reporters.JUnitReportReporter -->
<testsuite hostname="LPT966-B1" failures="0" tests="2" name="TestPages.TestPageTariff" time="31.497" errors="0" timestamp="2023-02-17T14:46:55 IST" skipped="0">
  <testcase classname="TestPages.TestPageTariff" name="SubmitTariffPlanDetails" time="16.869"/>
  <system-out/>
  <testcase classname="TestPages.TestPageTariff" name="BlankTariffPlan" time="14.628"/>
  <system-out/>
</testsuite> <!-- TestPages.TestPageTariff -->
