<?xml version="1.0" encoding="UTF-8"?>
<!-- Generated by org.testng.reporters.JUnitReportReporter -->
<testsuite hostname="LPT966-B1" failures="0" tests="2" name="TestPages.TestPageBilling" time="37.062" errors="0" timestamp="2023-02-17T14:46:55 IST" skipped="0">
  <testcase classname="TestPages.TestPageBilling" name="NoBill" time="17.428"/>
  <system-out/>
  <testcase classname="TestPages.TestPageBilling" name="Bill" time="19.634"/>
  <system-out/>
</testsuite> <!-- TestPages.TestPageBilling -->
