<?xml version="1.0" encoding="UTF-8"?>
<!-- Generated by org.testng.reporters.JUnitReportReporter -->
<testsuite hostname="LPT966-B1" failures="0" tests="2" name="TestPages.TestPageTariff" time="35.810" errors="0" timestamp="2023-02-17T19:27:26 IST" skipped="0">
  <testcase classname="TestPages.TestPageTariff" name="BlankTariffPlan" time="17.612"/>
  <system-out/>
  <testcase classname="TestPages.TestPageTariff" name="SubmitTariffPlanDetails" time="18.198"/>
  <system-out/>
</testsuite> <!-- TestPages.TestPageTariff -->
