<?xml version="1.0" encoding="UTF-8"?>
<!-- Generated by org.testng.reporters.JUnitReportReporter -->
<testsuite hostname="LPT966-B1" failures="0" tests="2" name="TestPages.TestPageBilling" time="41.693" errors="0" timestamp="2023-02-17T19:27:26 IST" skipped="0">
  <testcase classname="TestPages.TestPageBilling" name="Bill" time="22.372"/>
  <system-out/>
  <testcase classname="TestPages.TestPageBilling" name="NoBill" time="19.321"/>
  <system-out/>
</testsuite> <!-- TestPages.TestPageBilling -->
